<?xml version="1.0" encoding="UTF-8"?>
<!-- Generated by org.testng.reporters.JUnitReportReporter -->
<testsuite hostname="IND-CHN-LT12488" failures="0" tests="1" name="TestCase.TC001_AccountRegistration" time="2.531" errors="0" timestamp="2025-01-31T15:15:14 IST" skipped="0">
  <testcase classname="TestCase.TC001_AccountRegistration" name="verify_account_registration" time="2.531"/>
</testsuite> <!-- TestCase.TC001_AccountRegistration -->
