<?xml version="1.0" encoding="UTF-8"?>
<!-- Generated by org.testng.reporters.JUnitReportReporter -->
<testsuite hostname="IND-CHN-LT12488" failures="0" tests="1" name="TestCase.TC001_AccountRegistration" time="4.038" errors="0" timestamp="2025-01-27T22:04:34 IST" skipped="0">
  <testcase classname="TestCase.TC001_AccountRegistration" name="verify_account_registration" time="4.038"/>
</testsuite> <!-- TestCase.TC001_AccountRegistration -->
